{
  "RSpec": {
    "coverage": {
      "/Users/ibrahimchowdhury-makers/Documents/FizzBuzz/spec/fizzbuzz_spec.rb": {
        "lines": [
          null,
          null,
          1,
          null,
          1,
          1,
          1,
          null,
          1,
          1,
          null,
          1,
          1,
          null,
          1,
          1,
          null,
          null
        ]
      },
      "/Users/ibrahimchowdhury-makers/Documents/FizzBuzz/lib/fizzbuzz.rb": {
        "lines": [
          null,
          null,
          1,
          4,
          1,
          3,
          1,
          2,
          1,
          null,
          1,
          null,
          null
        ]
      }
    },
    "timestamp": 1637685408
  }
}
